This file contains any messages produced by compilers while
running configure, to aid debugging if configure makes a mistake.

It was created by GLPK configure 4.60, which was
generated by GNU Autoconf 2.69.  Invocation command line was

  $ ./configure --disable-shared --prefix=/home/erickson/workspace/ReluplexCav2017/glpk-4.60/installed --no-create --no-recursion

## --------- ##
## Platform. ##
## --------- ##

hostname = erickson-laptop
uname -m = x86_64
uname -r = 5.4.0-42-generic
uname -s = Linux
uname -v = #46~18.04.1-Ubuntu SMP Fri Jul 10 07:21:24 UTC 2020

/usr/bin/uname -p = unknown
/bin/uname -X     = unknown

/bin/arch              = unknown
/usr/bin/arch -k       = unknown
/usr/convex/getsysinfo = unknown
/usr/bin/hostinfo      = unknown
/bin/machine           = unknown
/usr/bin/oslevel       = unknown
/bin/universe          = unknown

PATH: /home/erickson/.local/bin
PATH: /usr/local/sbin
PATH: /usr/local/bin
PATH: /usr/sbin
PATH: /usr/bin
PATH: /sbin
PATH: /bin
PATH: /usr/games
PATH: /usr/local/games
PATH: /snap/bin
PATH: /home/erickson/.dotnet/tools


## ----------- ##
## Core tests. ##
## ----------- ##

configure:2269: checking for a BSD-compatible install
configure:2337: result: /usr/bin/install -c
configure:2348: checking whether build environment is sane
configure:2403: result: yes
configure:2554: checking for a thread-safe mkdir -p
configure:2593: result: /bin/mkdir -p
configure:2600: checking for gawk
configure:2630: result: no
configure:2600: checking for mawk
configure:2616: found /usr/bin/mawk
configure:2627: result: mawk
configure:2638: checking whether make sets $(MAKE)
configure:2660: result: yes
configure:2847: checking for gcc
configure:2863: found /usr/bin/gcc
configure:2874: result: gcc
configure:3103: checking for C compiler version
configure:3112: gcc --version >&5
gcc (Ubuntu 7.5.0-3ubuntu1~18.04) 7.5.0
Copyright (C) 2017 Free Software Foundation, Inc.
This is free software; see the source for copying conditions.  There is NO
warranty; not even for MERCHANTABILITY or FITNESS FOR A PARTICULAR PURPOSE.

configure:3123: $? = 0
configure:3112: gcc -v >&5
Using built-in specs.
COLLECT_GCC=gcc
COLLECT_LTO_WRAPPER=/usr/lib/gcc/x86_64-linux-gnu/7/lto-wrapper
OFFLOAD_TARGET_NAMES=nvptx-none
OFFLOAD_TARGET_DEFAULT=1
Target: x86_64-linux-gnu
Configured with: ../src/configure -v --with-pkgversion='Ubuntu 7.5.0-3ubuntu1~18.04' --with-bugurl=file:///usr/share/doc/gcc-7/README.Bugs --enable-languages=c,ada,c++,go,brig,d,fortran,objc,obj-c++ --prefix=/usr --with-gcc-major-version-only --program-suffix=-7 --program-prefix=x86_64-linux-gnu- --enable-shared --enable-linker-build-id --libexecdir=/usr/lib --without-included-gettext --enable-threads=posix --libdir=/usr/lib --enable-nls --enable-bootstrap --enable-clocale=gnu --enable-libstdcxx-debug --enable-libstdcxx-time=yes --with-default-libstdcxx-abi=new --enable-gnu-unique-object --disable-vtable-verify --enable-libmpx --enable-plugin --enable-default-pie --with-system-zlib --with-target-system-zlib --enable-objc-gc=auto --enable-multiarch --disable-werror --with-arch-32=i686 --with-abi=m64 --with-multilib-list=m32,m64,mx32 --enable-multilib --with-tune=generic --enable-offload-targets=nvptx-none --without-cuda-driver --enable-checking=release --build=x86_64-linux-gnu --host=x86_64-linux-gnu --target=x86_64-linux-gnu
Thread model: posix
gcc version 7.5.0 (Ubuntu 7.5.0-3ubuntu1~18.04) 
configure:3123: $? = 0
configure:3112: gcc -V >&5
gcc: error: unrecognized command line option '-V'
gcc: fatal error: no input files
compilation terminated.
configure:3123: $? = 1
configure:3112: gcc -qversion >&5
gcc: error: unrecognized command line option '-qversion'; did you mean '--version'?
gcc: fatal error: no input files
compilation terminated.
configure:3123: $? = 1
configure:3143: checking whether the C compiler works
configure:3165: gcc    conftest.c  >&5
configure:3169: $? = 0
configure:3217: result: yes
configure:3220: checking for C compiler default output file name
configure:3222: result: a.out
configure:3228: checking for suffix of executables
configure:3235: gcc -o conftest    conftest.c  >&5
configure:3239: $? = 0
configure:3261: result: 
configure:3283: checking whether we are cross compiling
configure:3291: gcc -o conftest    conftest.c  >&5
configure:3295: $? = 0
configure:3302: ./conftest
configure:3306: $? = 0
configure:3321: result: no
configure:3326: checking for suffix of object files
configure:3348: gcc -c   conftest.c >&5
configure:3352: $? = 0
configure:3373: result: o
configure:3377: checking whether we are using the GNU C compiler
configure:3396: gcc -c   conftest.c >&5
configure:3396: $? = 0
configure:3405: result: yes
configure:3414: checking whether gcc accepts -g
configure:3434: gcc -c -g  conftest.c >&5
configure:3434: $? = 0
configure:3475: result: yes
configure:3492: checking for gcc option to accept ISO C89
configure:3555: gcc  -c -g -O2  conftest.c >&5
configure:3555: $? = 0
configure:3568: result: none needed
configure:3599: checking for style of include used by make
configure:3627: result: GNU
configure:3653: checking dependency style of gcc
configure:3764: result: gcc3
configure:3809: checking build system type
configure:3823: result: x86_64-unknown-linux-gnu
configure:3843: checking host system type
configure:3856: result: x86_64-unknown-linux-gnu
configure:3897: checking how to print strings
configure:3924: result: printf
configure:3945: checking for a sed that does not truncate output
configure:4009: result: /bin/sed
configure:4027: checking for grep that handles long lines and -e
configure:4085: result: /bin/grep
configure:4090: checking for egrep
configure:4152: result: /bin/grep -E
configure:4157: checking for fgrep
configure:4219: result: /bin/grep -F
configure:4254: checking for ld used by gcc
configure:4321: result: /usr/bin/ld
configure:4328: checking if the linker (/usr/bin/ld) is GNU ld
configure:4343: result: yes
configure:4355: checking for BSD- or MS-compatible name lister (nm)
configure:4404: result: /usr/bin/nm -B
configure:4534: checking the name lister (/usr/bin/nm -B) interface
configure:4541: gcc -c -g -O2  conftest.c >&5
configure:4544: /usr/bin/nm -B "conftest.o"
configure:4547: output
0000000000000000 B some_variable
configure:4554: result: BSD nm
configure:4557: checking whether ln -s works
configure:4561: result: yes
configure:4569: checking the maximum length of command line arguments
configure:4694: result: 1572864
configure:4711: checking whether the shell understands some XSI constructs
configure:4721: result: yes
configure:4725: checking whether the shell understands "+="
configure:4731: result: yes
configure:4766: checking how to convert x86_64-unknown-linux-gnu file names to x86_64-unknown-linux-gnu format
configure:4806: result: func_convert_file_noop
configure:4813: checking how to convert x86_64-unknown-linux-gnu file names to toolchain format
configure:4833: result: func_convert_file_noop
configure:4840: checking for /usr/bin/ld option to reload object files
configure:4847: result: -r
configure:4921: checking for objdump
configure:4937: found /usr/bin/objdump
configure:4948: result: objdump
configure:4980: checking how to recognize dependent libraries
configure:5182: result: pass_all
configure:5267: checking for dlltool
configure:5297: result: no
configure:5327: checking how to associate runtime and link libraries
configure:5354: result: printf %s\n
configure:5415: checking for ar
configure:5431: found /usr/bin/ar
configure:5442: result: ar
configure:5479: checking for archiver @FILE support
configure:5496: gcc -c -g -O2  conftest.c >&5
configure:5496: $? = 0
configure:5499: ar cru libconftest.a @conftest.lst >&5
ar: `u' modifier ignored since `D' is the default (see `U')
configure:5502: $? = 0
configure:5507: ar cru libconftest.a @conftest.lst >&5
ar: `u' modifier ignored since `D' is the default (see `U')
ar: conftest.o: No such file or directory
configure:5510: $? = 1
configure:5522: result: @
configure:5580: checking for strip
configure:5596: found /usr/bin/strip
configure:5607: result: strip
configure:5679: checking for ranlib
configure:5695: found /usr/bin/ranlib
configure:5706: result: ranlib
configure:5808: checking command to parse /usr/bin/nm -B output from gcc object
configure:5927: gcc -c -g -O2  conftest.c >&5
configure:5930: $? = 0
configure:5934: /usr/bin/nm -B conftest.o \| sed -n -e 's/^.*[ ]\([ABCDGIRSTW][ABCDGIRSTW]*\)[ ][ ]*\([_A-Za-z][_A-Za-z0-9]*\)$/\1 \2 \2/p' | sed '/ __gnu_lto/d' \> conftest.nm
configure:5937: $? = 0
configure:6003: gcc -o conftest -g -O2   conftest.c conftstm.o >&5
configure:6006: $? = 0
configure:6044: result: ok
configure:6081: checking for sysroot
configure:6111: result: no
configure:6188: gcc -c -g -O2  conftest.c >&5
configure:6191: $? = 0
configure:6354: checking for mt
configure:6370: found /bin/mt
configure:6381: result: mt
configure:6404: checking if mt is a manifest tool
configure:6410: mt '-?'
configure:6418: result: no
configure:7050: checking how to run the C preprocessor
configure:7081: gcc -E  conftest.c
configure:7081: $? = 0
configure:7095: gcc -E  conftest.c
conftest.c:11:10: fatal error: ac_nonexistent.h: No such file or directory
 #include <ac_nonexistent.h>
          ^~~~~~~~~~~~~~~~~~
compilation terminated.
configure:7095: $? = 1
configure: failed program was:
| /* confdefs.h */
| #define PACKAGE_NAME "GLPK"
| #define PACKAGE_TARNAME "glpk"
| #define PACKAGE_VERSION "4.60"
| #define PACKAGE_STRING "GLPK 4.60"
| #define PACKAGE_BUGREPORT "bug-glpk@gnu.org"
| #define PACKAGE_URL ""
| #define PACKAGE "glpk"
| #define VERSION "4.60"
| /* end confdefs.h.  */
| #include <ac_nonexistent.h>
configure:7120: result: gcc -E
configure:7140: gcc -E  conftest.c
configure:7140: $? = 0
configure:7154: gcc -E  conftest.c
conftest.c:11:10: fatal error: ac_nonexistent.h: No such file or directory
 #include <ac_nonexistent.h>
          ^~~~~~~~~~~~~~~~~~
compilation terminated.
configure:7154: $? = 1
configure: failed program was:
| /* confdefs.h */
| #define PACKAGE_NAME "GLPK"
| #define PACKAGE_TARNAME "glpk"
| #define PACKAGE_VERSION "4.60"
| #define PACKAGE_STRING "GLPK 4.60"
| #define PACKAGE_BUGREPORT "bug-glpk@gnu.org"
| #define PACKAGE_URL ""
| #define PACKAGE "glpk"
| #define VERSION "4.60"
| /* end confdefs.h.  */
| #include <ac_nonexistent.h>
configure:7183: checking for ANSI C header files
configure:7203: gcc -c -g -O2  conftest.c >&5
configure:7203: $? = 0
configure:7276: gcc -o conftest -g -O2   conftest.c  >&5
configure:7276: $? = 0
configure:7276: ./conftest
configure:7276: $? = 0
configure:7287: result: yes
configure:7300: checking for sys/types.h
configure:7300: gcc -c -g -O2  conftest.c >&5
configure:7300: $? = 0
configure:7300: result: yes
configure:7300: checking for sys/stat.h
configure:7300: gcc -c -g -O2  conftest.c >&5
configure:7300: $? = 0
configure:7300: result: yes
configure:7300: checking for stdlib.h
configure:7300: gcc -c -g -O2  conftest.c >&5
configure:7300: $? = 0
configure:7300: result: yes
configure:7300: checking for string.h
configure:7300: gcc -c -g -O2  conftest.c >&5
configure:7300: $? = 0
configure:7300: result: yes
configure:7300: checking for memory.h
configure:7300: gcc -c -g -O2  conftest.c >&5
configure:7300: $? = 0
configure:7300: result: yes
configure:7300: checking for strings.h
configure:7300: gcc -c -g -O2  conftest.c >&5
configure:7300: $? = 0
configure:7300: result: yes
configure:7300: checking for inttypes.h
configure:7300: gcc -c -g -O2  conftest.c >&5
configure:7300: $? = 0
configure:7300: result: yes
configure:7300: checking for stdint.h
configure:7300: gcc -c -g -O2  conftest.c >&5
configure:7300: $? = 0
configure:7300: result: yes
configure:7300: checking for unistd.h
configure:7300: gcc -c -g -O2  conftest.c >&5
configure:7300: $? = 0
configure:7300: result: yes
configure:7314: checking for dlfcn.h
configure:7314: gcc -c -g -O2  conftest.c >&5
configure:7314: $? = 0
configure:7314: result: yes
configure:7501: checking for objdir
configure:7516: result: .libs
configure:7787: checking if gcc supports -fno-rtti -fno-exceptions
configure:7805: gcc -c -g -O2  -fno-rtti -fno-exceptions conftest.c >&5
cc1: warning: command line option '-fno-rtti' is valid for C++/ObjC++ but not for C
configure:7809: $? = 0
configure:7822: result: no
configure:8132: checking for gcc option to produce PIC
configure:8139: result: -fPIC -DPIC
configure:8147: checking if gcc PIC flag -fPIC -DPIC works
configure:8165: gcc -c -g -O2  -fPIC -DPIC -DPIC conftest.c >&5
configure:8169: $? = 0
configure:8182: result: yes
configure:8211: checking if gcc static flag -static works
configure:8239: result: yes
configure:8254: checking if gcc supports -c -o file.o
configure:8275: gcc -c -g -O2  -o out/conftest2.o conftest.c >&5
configure:8279: $? = 0
configure:8301: result: yes
configure:8309: checking if gcc supports -c -o file.o
configure:8356: result: yes
configure:8389: checking whether the gcc linker (/usr/bin/ld -m elf_x86_64) supports shared libraries
configure:9547: result: yes
configure:9792: checking dynamic linker characteristics
configure:10306: gcc -o conftest -g -O2   -Wl,-rpath -Wl,/foo conftest.c  >&5
configure:10306: $? = 0
configure:10528: result: GNU/Linux ld.so
configure:10635: checking how to hardcode library paths into programs
configure:10660: result: immediate
configure:11200: checking whether stripping libraries is possible
configure:11205: result: yes
configure:11240: checking if libtool supports shared libraries
configure:11242: result: yes
configure:11245: checking whether to build shared libraries
configure:11266: result: no
configure:11269: checking whether to build static libraries
configure:11273: result: yes
configure:11309: checking for exp in -lm
configure:11334: gcc -o conftest -g -O2   conftest.c -lm   >&5
conftest.c:30:6: warning: conflicting types for built-in function 'exp' [-Wbuiltin-declaration-mismatch]
 char exp ();
      ^~~
configure:11334: $? = 0
configure:11343: result: yes
configure:11355: checking sys/time.h usability
configure:11355: gcc -c -g -O2  conftest.c >&5
configure:11355: $? = 0
configure:11355: result: yes
configure:11355: checking sys/time.h presence
configure:11355: gcc -E  conftest.c
configure:11355: $? = 0
configure:11355: result: yes
configure:11355: checking for sys/time.h
configure:11355: result: yes
configure:11364: checking for gettimeofday
configure:11364: gcc -o conftest -g -O2   conftest.c -lm  >&5
configure:11364: $? = 0
configure:11364: result: yes
configure:11383: checking whether to use GNU MP bignum library
configure:11393: result: no
configure:11397: checking whether to enable shared library support
configure:11420: result: no
configure:11437: checking whether to enable MathProg ODBC support
configure:11463: result: no
configure:11467: checking whether to enable MathProg MySQL support
configure:11482: result: no
configure:11486: checking if libtool needs -no-undefined flag to build shared libraries
configure:11497: result: no
configure:11614: checking that generated files are newer than configure
configure:11620: result: done
configure:11643: creating ./config.status

## ---------------- ##
## Cache variables. ##
## ---------------- ##

ac_cv_build=x86_64-unknown-linux-gnu
ac_cv_c_compiler_gnu=yes
ac_cv_env_CC_set=
ac_cv_env_CC_value=
ac_cv_env_CFLAGS_set=
ac_cv_env_CFLAGS_value=
ac_cv_env_CPPFLAGS_set=
ac_cv_env_CPPFLAGS_value=
ac_cv_env_CPP_set=
ac_cv_env_CPP_value=
ac_cv_env_LDFLAGS_set=
ac_cv_env_LDFLAGS_value=
ac_cv_env_LIBS_set=
ac_cv_env_LIBS_value=
ac_cv_env_build_alias_set=
ac_cv_env_build_alias_value=
ac_cv_env_host_alias_set=
ac_cv_env_host_alias_value=
ac_cv_env_target_alias_set=
ac_cv_env_target_alias_value=
ac_cv_func_gettimeofday=yes
ac_cv_header_dlfcn_h=yes
ac_cv_header_inttypes_h=yes
ac_cv_header_memory_h=yes
ac_cv_header_stdc=yes
ac_cv_header_stdint_h=yes
ac_cv_header_stdlib_h=yes
ac_cv_header_string_h=yes
ac_cv_header_strings_h=yes
ac_cv_header_sys_stat_h=yes
ac_cv_header_sys_time_h=yes
ac_cv_header_sys_types_h=yes
ac_cv_header_unistd_h=yes
ac_cv_host=x86_64-unknown-linux-gnu
ac_cv_lib_m_exp=yes
ac_cv_objext=o
ac_cv_path_EGREP='/bin/grep -E'
ac_cv_path_FGREP='/bin/grep -F'
ac_cv_path_GREP=/bin/grep
ac_cv_path_SED=/bin/sed
ac_cv_path_install='/usr/bin/install -c'
ac_cv_path_mkdir=/bin/mkdir
ac_cv_prog_AWK=mawk
ac_cv_prog_CPP='gcc -E'
ac_cv_prog_ac_ct_AR=ar
ac_cv_prog_ac_ct_CC=gcc
ac_cv_prog_ac_ct_MANIFEST_TOOL=mt
ac_cv_prog_ac_ct_OBJDUMP=objdump
ac_cv_prog_ac_ct_RANLIB=ranlib
ac_cv_prog_ac_ct_STRIP=strip
ac_cv_prog_cc_c89=
ac_cv_prog_cc_g=yes
ac_cv_prog_make_make_set=yes
am_cv_CC_dependencies_compiler_type=gcc3
lt_cv_ar_at_file=@
lt_cv_deplibs_check_method=pass_all
lt_cv_file_magic_cmd='$MAGIC_CMD'
lt_cv_file_magic_test_file=
lt_cv_ld_reload_flag=-r
lt_cv_nm_interface='BSD nm'
lt_cv_objdir=.libs
lt_cv_path_LD=/usr/bin/ld
lt_cv_path_NM='/usr/bin/nm -B'
lt_cv_path_mainfest_tool=no
lt_cv_prog_compiler_c_o=yes
lt_cv_prog_compiler_pic='-fPIC -DPIC'
lt_cv_prog_compiler_pic_works=yes
lt_cv_prog_compiler_rtti_exceptions=no
lt_cv_prog_compiler_static_works=yes
lt_cv_prog_gnu_ld=yes
lt_cv_sharedlib_from_linklib_cmd='printf %s\n'
lt_cv_shlibpath_overrides_runpath=yes
lt_cv_sys_global_symbol_pipe='sed -n -e '\''s/^.*[	 ]\([ABCDGIRSTW][ABCDGIRSTW]*\)[	 ][	 ]*\([_A-Za-z][_A-Za-z0-9]*\)$/\1 \2 \2/p'\'' | sed '\''/ __gnu_lto/d'\'''
lt_cv_sys_global_symbol_to_c_name_address='sed -n -e '\''s/^: \([^ ]*\)[ ]*$/  {\"\1\", (void *) 0},/p'\'' -e '\''s/^[ABCDGIRSTW]* \([^ ]*\) \([^ ]*\)$/  {"\2", (void *) \&\2},/p'\'''
lt_cv_sys_global_symbol_to_c_name_address_lib_prefix='sed -n -e '\''s/^: \([^ ]*\)[ ]*$/  {\"\1\", (void *) 0},/p'\'' -e '\''s/^[ABCDGIRSTW]* \([^ ]*\) \(lib[^ ]*\)$/  {"\2", (void *) \&\2},/p'\'' -e '\''s/^[ABCDGIRSTW]* \([^ ]*\) \([^ ]*\)$/  {"lib\2", (void *) \&\2},/p'\'''
lt_cv_sys_global_symbol_to_cdecl='sed -n -e '\''s/^T .* \(.*\)$/extern int \1();/p'\'' -e '\''s/^[ABCDGIRSTW]* .* \(.*\)$/extern char \1;/p'\'''
lt_cv_sys_max_cmd_len=1572864
lt_cv_to_host_file_cmd=func_convert_file_noop
lt_cv_to_tool_file_cmd=func_convert_file_noop

## ----------------- ##
## Output variables. ##
## ----------------- ##

ACLOCAL='${SHELL} /home/erickson/workspace/ReluplexCav2017/glpk-4.60/missing --run aclocal-1.12'
AMDEPBACKSLASH='\'
AMDEP_FALSE='#'
AMDEP_TRUE=''
AMTAR='$${TAR-tar}'
AR='ar'
AUTOCONF='${SHELL} /home/erickson/workspace/ReluplexCav2017/glpk-4.60/missing --run autoconf'
AUTOHEADER='${SHELL} /home/erickson/workspace/ReluplexCav2017/glpk-4.60/missing --run autoheader'
AUTOMAKE='${SHELL} /home/erickson/workspace/ReluplexCav2017/glpk-4.60/missing --run automake-1.12'
AWK='mawk'
CC='gcc'
CCDEPMODE='depmode=gcc3'
CFLAGS='-g -O2'
CPP='gcc -E'
CPPFLAGS=''
CYGPATH_W='echo'
DEFS='-DHAVE_CONFIG_H'
DEPDIR='.deps'
DLLTOOL='false'
DSYMUTIL=''
DUMPBIN=''
ECHO_C=''
ECHO_N='-n'
ECHO_T=''
EGREP='/bin/grep -E'
EXEEXT=''
FGREP='/bin/grep -F'
GREP='/bin/grep'
INSTALL_DATA='${INSTALL} -m 644'
INSTALL_PROGRAM='${INSTALL}'
INSTALL_SCRIPT='${INSTALL}'
INSTALL_STRIP_PROGRAM='$(install_sh) -c -s'
LD='/usr/bin/ld -m elf_x86_64'
LDFLAGS=''
LIBOBJS=''
LIBS='-lm '
LIBTOOL='$(SHELL) $(top_builddir)/libtool'
LIPO=''
LN_S='ln -s'
LTLIBOBJS=''
MAKEINFO='${SHELL} /home/erickson/workspace/ReluplexCav2017/glpk-4.60/missing --run makeinfo'
MANIFEST_TOOL=':'
MKDIR_P='/bin/mkdir -p'
NM='/usr/bin/nm -B'
NMEDIT=''
NOUNDEFINED=''
OBJDUMP='objdump'
OBJEXT='o'
OTOOL64=''
OTOOL=''
PACKAGE='glpk'
PACKAGE_BUGREPORT='bug-glpk@gnu.org'
PACKAGE_NAME='GLPK'
PACKAGE_STRING='GLPK 4.60'
PACKAGE_TARNAME='glpk'
PACKAGE_URL=''
PACKAGE_VERSION='4.60'
PATH_SEPARATOR=':'
RANLIB='ranlib'
SED='/bin/sed'
SET_MAKE=''
SHELL='/bin/bash'
STRIP='strip'
VERSION='4.60'
ac_ct_AR='ar'
ac_ct_CC='gcc'
ac_ct_DUMPBIN=''
am__EXEEXT_FALSE=''
am__EXEEXT_TRUE='#'
am__fastdepCC_FALSE='#'
am__fastdepCC_TRUE=''
am__include='include'
am__isrc=''
am__leading_dot='.'
am__nodep='_no'
am__quote=''
am__tar='$${TAR-tar} chof - "$$tardir"'
am__untar='$${TAR-tar} xf -'
bindir='${exec_prefix}/bin'
build='x86_64-unknown-linux-gnu'
build_alias=''
build_cpu='x86_64'
build_os='linux-gnu'
build_vendor='unknown'
datadir='${datarootdir}'
datarootdir='${prefix}/share'
docdir='${datarootdir}/doc/${PACKAGE_TARNAME}'
dvidir='${docdir}'
exec_prefix='${prefix}'
host='x86_64-unknown-linux-gnu'
host_alias=''
host_cpu='x86_64'
host_os='linux-gnu'
host_vendor='unknown'
htmldir='${docdir}'
includedir='${prefix}/include'
infodir='${datarootdir}/info'
install_sh='${SHELL} /home/erickson/workspace/ReluplexCav2017/glpk-4.60/install-sh'
libdir='${exec_prefix}/lib'
libexecdir='${exec_prefix}/libexec'
localedir='${datarootdir}/locale'
localstatedir='${prefix}/var'
mandir='${datarootdir}/man'
mkdir_p='$(MKDIR_P)'
oldincludedir='/usr/include'
pdfdir='${docdir}'
prefix='/home/erickson/workspace/ReluplexCav2017/glpk-4.60/installed'
program_transform_name='s,x,x,'
psdir='${docdir}'
runstatedir='${localstatedir}/run'
sbindir='${exec_prefix}/sbin'
sharedstatedir='${prefix}/com'
sysconfdir='${prefix}/etc'
target_alias=''

## ----------- ##
## confdefs.h. ##
## ----------- ##

/* confdefs.h */
#define PACKAGE_NAME "GLPK"
#define PACKAGE_TARNAME "glpk"
#define PACKAGE_VERSION "4.60"
#define PACKAGE_STRING "GLPK 4.60"
#define PACKAGE_BUGREPORT "bug-glpk@gnu.org"
#define PACKAGE_URL ""
#define PACKAGE "glpk"
#define VERSION "4.60"
#define STDC_HEADERS 1
#define HAVE_SYS_TYPES_H 1
#define HAVE_SYS_STAT_H 1
#define HAVE_STDLIB_H 1
#define HAVE_STRING_H 1
#define HAVE_MEMORY_H 1
#define HAVE_STRINGS_H 1
#define HAVE_INTTYPES_H 1
#define HAVE_STDINT_H 1
#define HAVE_UNISTD_H 1
#define HAVE_DLFCN_H 1
#define LT_OBJDIR ".libs/"
#define HAVE_LIBM 1
#define HAVE_SYS_TIME_H 1
#define HAVE_GETTIMEOFDAY 1

configure: exit 0

## ---------------------- ##
## Running config.status. ##
## ---------------------- ##

This file was extended by GLPK config.status 4.60, which was
generated by GNU Autoconf 2.69.  Invocation command line was

  CONFIG_FILES    = 
  CONFIG_HEADERS  = 
  CONFIG_LINKS    = 
  CONFIG_COMMANDS = 
  $ ./config.status 

on erickson-laptop

config.status:1083: creating src/Makefile
config.status:1083: creating examples/Makefile
config.status:1083: creating Makefile
config.status:1083: creating config.h
config.status:1264: config.h is unchanged
config.status:1312: executing depfiles commands
config.status:1312: executing libtool commands

## ---------------------- ##
## Running config.status. ##
## ---------------------- ##

This file was extended by GLPK config.status 4.60, which was
generated by GNU Autoconf 2.69.  Invocation command line was

  CONFIG_FILES    = 
  CONFIG_HEADERS  = 
  CONFIG_LINKS    = 
  CONFIG_COMMANDS = 
  $ ./config.status config.h

on erickson-laptop

config.status:1083: creating config.h
